<?xml version="1.0" encoding="UTF-8" ?>
<testsuite tests="21" failures="0" name="pl.edu.pw.ee.HeapTest" time="9.995" errors="0" skipped="0">
  <properties>
    <property name="java.runtime.name" value="Java(TM) SE Runtime Environment"/>
    <property name="java.vm.version" value="18.0.1.1+2-6"/>
    <property name="sun.boot.library.path" value="C:\Program Files\Java\jdk-18.0.1.1\bin"/>
    <property name="maven.multiModuleProjectDirectory" value="C:\Users\opjav\Desktop\na studia\algorytmy\lab1\2022Z_AISD_git_lab_GR2_gr10\aisd_lab_1_sorting"/>
    <property name="java.vm.vendor" value="Oracle Corporation"/>
    <property name="java.vendor.url" value="https://java.oracle.com/"/>
    <property name="guice.disable.misplaced.annotation.check" value="true"/>
    <property name="path.separator" value=";"/>
    <property name="java.vm.name" value="Java HotSpot(TM) 64-Bit Server VM"/>
    <property name="sun.os.patch.level" value=""/>
    <property name="user.script" value=""/>
    <property name="user.country" value="PL"/>
    <property name="sun.java.launcher" value="SUN_STANDARD"/>
    <property name="test" value="pl.edu.pw.ee.HeapTest"/>
    <property name="java.vm.specification.name" value="Java Virtual Machine Specification"/>
    <property name="user.dir" value="C:\Users\opjav\Desktop\na studia\algorytmy\lab1\2022Z_AISD_git_lab_GR2_gr10\aisd_lab_1_sorting"/>
    <property name="java.vm.compressedOopsMode" value="Zero based"/>
    <property name="java.runtime.version" value="18.0.1.1+2-6"/>
    <property name="os.arch" value="amd64"/>
    <property name="java.io.tmpdir" value="C:\Users\opjav\AppData\Local\Temp\"/>
    <property name="line.separator" value="
"/>
    <property name="java.vm.specification.vendor" value="Oracle Corporation"/>
    <property name="user.variant" value=""/>
    <property name="os.name" value="Windows 10"/>
    <property name="maven.ext.class.path" value="C:\Program Files\NetBeans-13\netbeans\java\maven-nblib\netbeans-eventspy.jar"/>
    <property name="classworlds.conf" value="C:\Program Files\NetBeans-13\netbeans\java\maven\bin\m2.conf"/>
    <property name="sun.jnu.encoding" value="Cp1250"/>
    <property name="java.library.path" value="C:\Program Files\Java\jdk-18.0.1.1\bin;C:\WINDOWS\Sun\Java\bin;C:\WINDOWS\system32;C:\WINDOWS;C:\Program Files\Eclipse Adoptium\jdk-8.0.322.6-hotspot\bin;C:\Program Files (x86)\Common Files\Oracle\Java\javapath;C:\Program Files (x86)\Razer Chroma SDK\bin;C:\Program Files\Razer Chroma SDK\bin;C:\Program Files (x86)\Razer\ChromaBroadcast\bin;C:\Program Files\Razer\ChromaBroadcast\bin;C:\Windows\system32;C:\Windows;C:\Windows\System32\Wbem;C:\Windows\System32\WindowsPowerShell\v1.0\;C:\Windows\System32\OpenSSH\;C:\Program Files (x86)\NVIDIA Corporation\PhysX\Common;C:\Program Files\NVIDIA Corporation\NVIDIA NvDLISR;C:\WINDOWS\system32;C:\WINDOWS;C:\WINDOWS\System32\Wbem;C:\WINDOWS\System32\WindowsPowerShell\v1.0\;C:\WINDOWS\System32\OpenSSH\;C:\WINDOWS\system32\config\systemprofile\AppData\Local\Microsoft\WindowsApps;C:\WINDOWS\system32;C:\WINDOWS;C:\WINDOWS\System32\Wbem;C:\WINDOWS\System32\WindowsPowerShell\v1.0\;C:\WINDOWS\System32\OpenSSH\;C:\Program Files\nodejs\;C:\Go\bin;C:\Program Files\PuTTY\;C:\Program Files\Microsoft SQL Server\130\Tools\Binn\;C:\Program Files (x86)\Microsoft SQL Server\110\Tools\Binn\;C:\Program Files\Microsoft SQL Server\110\Tools\Binn\;C:\Program Files\Microsoft SQL Server\110\DTS\Binn\;C:\Program Files (x86)\Microsoft SQL Server\110\Tools\Binn\ManagementStudio\;C:\Program Files (x86)\Microsoft SQL Server\110\DTS\Binn\;C:\Program Files\dotnet\;C:\Program Files\Java\jdk-18.0.1.1\bin;c:\C:\Program Files\apache-maven-3.8.5\bin;C:\Users\opjav\AppData\Local\Microsoft\WindowsApps;C:\Users\opjav\AppData\Roaming\npm;C:\MinGW\bin;C:\Users\opjav\go\bin;C:\Users\opjav\AppData\Local\Programs\Microsoft VS Code\bin;C:\Users\opjav\AppData\Local\Programs\Python\Python39\Scripts;C:\Program Files\Git\git-bash.exe;;C:\Program Files\JetBrains\IntelliJ IDEA 2022.1.3\bin;;C:\Users\opjav\.dotnet\tools;."/>
    <property name="maven.conf" value="C:\Program Files\NetBeans-13\netbeans\java\maven/conf"/>
    <property name="jdk.debug" value="release"/>
    <property name="java.class.version" value="62.0"/>
    <property name="java.specification.name" value="Java Platform API Specification"/>
    <property name="sun.management.compiler" value="HotSpot 64-Bit Tiered Compilers"/>
    <property name="os.version" value="10.0"/>
    <property name="library.jansi.path" value="C:\Program Files\NetBeans-13\netbeans\java\maven\lib\jansi-native"/>
    <property name="user.home" value="C:\Users\opjav"/>
    <property name="user.timezone" value="Europe/Warsaw"/>
    <property name="file.encoding" value="UTF-8"/>
    <property name="java.specification.version" value="18"/>
    <property name="user.name" value="opjav"/>
    <property name="java.class.path" value="C:\Program Files\NetBeans-13\netbeans\java\maven\boot\plexus-classworlds-2.6.0.jar"/>
    <property name="java.vm.specification.version" value="18"/>
    <property name="sun.arch.data.model" value="64"/>
    <property name="sun.java.command" value="org.codehaus.plexus.classworlds.launcher.Launcher -Dtest=pl.edu.pw.ee.HeapTest -Dmaven.ext.class.path=C:\Program Files\NetBeans-13\netbeans\java\maven-nblib\netbeans-eventspy.jar surefire:test"/>
    <property name="java.home" value="C:\Program Files\Java\jdk-18.0.1.1"/>
    <property name="user.language" value="pl"/>
    <property name="java.specification.vendor" value="Oracle Corporation"/>
    <property name="java.vm.info" value="mixed mode, sharing"/>
    <property name="java.version" value="18.0.1.1"/>
    <property name="native.encoding" value="Cp1250"/>
    <property name="java.vendor" value="Oracle Corporation"/>
    <property name="maven.home" value="C:\Program Files\NetBeans-13\netbeans\java\maven"/>
    <property name="file.separator" value="\"/>
    <property name="java.version.date" value="2022-04-22"/>
    <property name="java.vendor.url.bug" value="https://bugreport.java.com/bugreport/"/>
    <property name="sun.io.unicode.encoding" value="UnicodeLittle"/>
    <property name="sun.cpu.endian" value="little"/>
    <property name="sun.cpu.isalist" value="amd64"/>
  </properties>
  <testcase classname="pl.edu.pw.ee.HeapTest" name="putShouldWorkWhenDataContainsNoElement" time="0.003"/>
  <testcase classname="pl.edu.pw.ee.HeapTest" name="buildShouldPassDataWhenAllValuesAreTheSame" time="0"/>
  <testcase classname="pl.edu.pw.ee.HeapTest" name="buildShouldBuildHeap" time="0"/>
  <testcase classname="pl.edu.pw.ee.HeapTest" name="putItemCannotBeNull" time="0"/>
  <testcase classname="pl.edu.pw.ee.HeapTest" name="buildShouldBuildHeapWhenTwoElementsAreTheSame" time="0"/>
  <testcase classname="pl.edu.pw.ee.HeapTest" name="putPerformanceTest" time="4.933"/>
  <testcase classname="pl.edu.pw.ee.HeapTest" name="buildShouldPassDataWithNoElements" time="0"/>
  <testcase classname="pl.edu.pw.ee.HeapTest" name="popShouldWorkWhenDataContainsOneElement" time="0"/>
  <testcase classname="pl.edu.pw.ee.HeapTest" name="putShouldWorkWhenAddedItemIsSmallerThanTheRest" time="0"/>
  <testcase classname="pl.edu.pw.ee.HeapTest" name="popCannotBeUsedWhenHeapIsEmpty" time="0"/>
  <testcase classname="pl.edu.pw.ee.HeapTest" name="putShouldWorkWhenAddedItemIsGreaterThanTheRest" time="0"/>
  <testcase classname="pl.edu.pw.ee.HeapTest" name="buildPerformanceTest" time="5.058"/>
  <testcase classname="pl.edu.pw.ee.HeapTest" name="putShouldMaintainHeapStructure" time="0"/>
  <testcase classname="pl.edu.pw.ee.HeapTest" name="buildShouldPassDataWithOneElement" time="0"/>
  <testcase classname="pl.edu.pw.ee.HeapTest" name="dataCannotContainNullElements" time="0"/>
  <testcase classname="pl.edu.pw.ee.HeapTest" name="buildShouldPassDataWhenSortedInDecreasingOrder" time="0"/>
  <testcase classname="pl.edu.pw.ee.HeapTest" name="popShouldStillWorkWhenBuildIsNotCalled" time="0"/>
  <testcase classname="pl.edu.pw.ee.HeapTest" name="popShouldReturnTheGreatestValueFromHeap" time="0"/>
  <testcase classname="pl.edu.pw.ee.HeapTest" name="popShouldMaintainHeapStructure" time="0.001"/>
  <testcase classname="pl.edu.pw.ee.HeapTest" name="dataCannotBeNull" time="0"/>
  <testcase classname="pl.edu.pw.ee.HeapTest" name="heapShouldWorkWithStrings" time="0"/>
</testsuite>